<?xml version="1.0" encoding="UTF-8"?>
<testsuite name="modele.JeuPickominoTest" tests="50" skipped="0" failures="0" errors="0" timestamp="2023-06-21T16:34:38" hostname="U-INF-J-E113-06" time="4.242">
  <properties/>
  <testcase name="tesDesgarderMultiple()" classname="modele.JeuPickominoTest" time="0.022"/>
  <testcase name="testSimulationDesIncorrect2()" classname="modele.JeuPickominoTest" time="0.053"/>
  <testcase name="testListePickominoAccessible()" classname="modele.JeuPickominoTest" time="0.017"/>
  <testcase name="testSansPicko()" classname="modele.JeuPickominoTest" time="0.048"/>
  <testcase name="testTakePickoSansLancerDes()" classname="modele.JeuPickominoTest" time="0.02"/>
  <testcase name="tesDesPerdu()" classname="modele.JeuPickominoTest" time="0.038"/>
  <testcase name="testSimulationMauvaisPicko()" classname="modele.JeuPickominoTest" time="0.04"/>
  <testcase name="testWrongKey()" classname="modele.JeuPickominoTest" time="0.022"/>
  <testcase name="tesDesgarder()" classname="modele.JeuPickominoTest" time="0.031"/>
  <testcase name="testJeuStatusTest()" classname="modele.JeuPickominoTest" time="0.05"/>
  <testcase name="testJeuStatusChangementDeJoueur()" classname="modele.JeuPickominoTest" time="0.071"/>
  <testcase name="testRelancerDes()" classname="modele.JeuPickominoTest" time="0.153"/>
  <testcase name="testSimulationDesIncorrect()" classname="modele.JeuPickominoTest" time="0.034"/>
  <testcase name="testPointPicko2()" classname="modele.JeuPickominoTest" time="0.075"/>
  <testcase name="testPointPicko3()" classname="modele.JeuPickominoTest" time="0.056"/>
  <testcase name="testPointPicko4()" classname="modele.JeuPickominoTest" time="0.099"/>
  <testcase name="testPertePickoAvecMoinsDe21()" classname="modele.JeuPickominoTest" time="0.041"/>
  <testcase name="testListeLancerDes()" classname="modele.JeuPickominoTest" time="0.012"/>
  <testcase name="testSimulationChoiceDices()" classname="modele.JeuPickominoTest" time="0.03"/>
  <testcase name="testJoueurSuivant()" classname="modele.JeuPickominoTest" time="0.039"/>
  <testcase name="testSimulationChoiceDicesPlusieursEtapes()" classname="modele.JeuPickominoTest" time="0.584"/>
  <testcase name="testSansLancerDes()" classname="modele.JeuPickominoTest" time="0.023"/>
  <testcase name="testJoueurMoinsDe21()" classname="modele.JeuPickominoTest" time="0.035"/>
  <testcase name="[1] 21, [worm, d5, d3, d3, d2, d1, d1, d1]" classname="modele.JeuPickominoTest" time="0.094"/>
  <testcase name="[2] 36, [worm, worm, worm, worm, worm, worm, worm, worm]" classname="modele.JeuPickominoTest" time="0.037"/>
  <testcase name="[3] 25, [worm, d5, d5, d5, d5, d1, d1, d1]" classname="modele.JeuPickominoTest" time="0.067"/>
  <testcase name="[4] 30, [d1, d2, d3, d4, d5, worm, worm, worm]" classname="modele.JeuPickominoTest" time="0.102"/>
  <testcase name="[5] 26, [d1, d1, d2, d3, d4, d5, worm, worm]" classname="modele.JeuPickominoTest" time="0.104"/>
  <testcase name="[6] 22, [d1, d2, d3, d4, d5, d1, d1, worm]" classname="modele.JeuPickominoTest" time="0.126"/>
  <testcase name="[7] 28, [d2, d2, d3, d3, d3, d5, worm, worm]" classname="modele.JeuPickominoTest" time="0.092"/>
  <testcase name="[8] 27, [d4, d4, d4, d4, d4, d1, d1, worm]" classname="modele.JeuPickominoTest" time="0.078"/>
  <testcase name="[9] 31, [d2, d2, d3, d4, d5, worm, d5, d5]" classname="modele.JeuPickominoTest" time="0.079"/>
  <testcase name="[10] 31, [d2, d2, d3, d4, d5, worm, d5, d5]" classname="modele.JeuPickominoTest" time="0.538"/>
  <testcase name="testTakeDesSansLancerDes()" classname="modele.JeuPickominoTest" time="0.013"/>
  <testcase name="testPointPicko()" classname="modele.JeuPickominoTest" time="0.083"/>
  <testcase name="testNouvelleGame()" classname="modele.JeuPickominoTest" time="0.057"/>
  <testcase name="testRelance()" classname="modele.JeuPickominoTest" time="0.325"/>
  <testcase name="testWrongId()" classname="modele.JeuPickominoTest" time="0.013"/>
  <testcase name="testJeuStatus()" classname="modele.JeuPickominoTest" time="0.085"/>
  <testcase name="testDesGagner()" classname="modele.JeuPickominoTest" time="0.031"/>
  <testcase name="testPrendre2Picko()" classname="modele.JeuPickominoTest" time="0.041"/>
  <testcase name="testvaleurCorrectMaisSansWorm()" classname="modele.JeuPickominoTest" time="0.029"/>
  <testcase name="testSimulationTakePikoValeur()" classname="modele.JeuPickominoTest" time="0.036"/>
  <testcase name="testSimulationDesDejaPris()" classname="modele.JeuPickominoTest" time="0.042"/>
  <testcase name="testPointPickoAddition()" classname="modele.JeuPickominoTest" time="0.065"/>
  <testcase name="testGoodKeyId()" classname="modele.JeuPickominoTest" time="0.017"/>
  <testcase name="testLancerDes()" classname="modele.JeuPickominoTest" time="0.011"/>
  <testcase name="testSimulationTakePickomino1()" classname="modele.JeuPickominoTest" time="0.043"/>
  <testcase name="testSimulationTakePickomino2()" classname="modele.JeuPickominoTest" time="0.044"/>
  <testcase name="testSimulationTakePickomino3()" classname="modele.JeuPickominoTest" time="0.033"/>
  <system-out><![CDATA[** 200 OK **  ** 201 Created **  50824,108
** 200 OK **  50824 : currentState=[ status=ROLL_DICE, player=0, rolls=[], keptDices=[] ], pickominos=[21, 22, 23, 24, 25, 26, 27, 28, 29, 30, 31, 32, 33, 34, 35, 36], stackTops=[0, 0]
** 200 OK **  50824 : currentState=[ status=ROLL_DICE, player=0, rolls=[], keptDices=[] ], pickominos=[21, 22, 23, 24, 25, 26, 27, 28, 29, 30, 31, 32, 33, 34, 35, 36], stackTops=[0, 0]
** 200 OK **  ** 201 Created **  50825,158
[* 200 OK *]
[worm, worm, worm, worm, worm, d4, d5, d1] / [worm, worm, worm, worm, worm, d4, d5, d1]
** 200 OK **  true
[* 200 OK *]
[worm, worm, worm] / [worm, worm, worm]
** 405 Method Not Allowed **  ** 200 OK **  ** 201 Created **  50826,184
** 200 OK **  50826 : currentState=[ status=ROLL_DICE, player=0, rolls=[], keptDices=[] ], pickominos=[21, 22, 23, 24, 25, 26, 27, 28, 29, 30, 31, 32, 33, 34, 35, 36], stackTops=[0, 0]
** 200 OK **  ** 201 Created **  50827,272
[* 200 OK *]
[worm, worm, worm, worm, worm, d4, d4, d4] / [worm, worm, worm, worm, worm, d4, d4, d4]
** 200 OK **  true
** 200 OK **  true
** 405 Method Not Allowed **  ** 200 OK **  ** 201 Created **  50828,191
** 405 Method Not Allowed **  ** 200 OK **  ** 201 Created **  50829,261
[* 200 OK *]
[d1, worm, d2, d3, d4, d5, d4] / [d1, worm, d2, d3, d4, d5, d4]
** 200 OK **  true
** 200 OK **  50829 : currentState=[ status=ROLL_DICE, player=0, rolls=[], keptDices=[d2] ], pickominos=[21, 22, 23, 24, 25, 26, 27, 28, 29, 30, 31, 32, 33, 34, 35, 36], stackTops=[0, 0]
** 200 OK **  ** 201 Created **  50830,193
[* 200 OK *]
[worm, worm, worm, worm, worm, d4, d4] / [worm, worm, worm, worm, worm, d4, d4]
** 200 OK **  true
** 409 Conflict **  ** 200 OK **  ** 201 Created **  50831,282
** 401 Unauthorized **  ** 200 OK **  ** 201 Created **  50832,267
[* 200 OK *]
[d1, worm, d2, d3, d4, d5, d4] / [d1, worm, d2, d3, d4, d5, d4]
** 200 OK **  true
** 200 OK **  50832 : currentState=[ status=ROLL_DICE, player=0, rolls=[], keptDices=[d1] ], pickominos=[21, 22, 23, 24, 25, 26, 27, 28, 29, 30, 31, 32, 33, 34, 35, 36], stackTops=[0, 0]
** 200 OK **  ** 201 Created **  50833,107
** 200 OK **  50833 : currentState=[ status=ROLL_DICE, player=0, rolls=[], keptDices=[] ], pickominos=[21, 22, 23, 24, 25, 26, 27, 28, 29, 30, 31, 32, 33, 34, 35, 36], stackTops=[0, 0]
[* 200 OK *]
[worm, d5, worm, worm, worm, worm, d2, d2] / [worm, d5, worm, worm, worm, worm, d2, d2]
** 200 OK **  true
** 200 OK **  50833 : currentState=[ status=ROLL_DICE_OR_TAKE_PICKOMINO, player=0, rolls=[], keptDices=[worm, worm, worm, worm, worm] ], pickominos=[21, 22, 23, 24, 25, 26, 27, 28, 29, 30, 31, 32, 33, 34, 35, 36], stackTops=[0, 0]
** 200 OK **  50833 : currentState=[ status=ROLL_DICE_OR_TAKE_PICKOMINO, player=0, rolls=[], keptDices=[worm, worm, worm, worm, worm] ], pickominos=[21, 22, 23, 24, 25, 26, 27, 28, 29, 30, 31, 32, 33, 34, 35, 36], stackTops=[0, 0]
** 200 OK **  ** 201 Created **  50834,264
** 200 OK **  50834 : currentState=[ status=ROLL_DICE, player=0, rolls=[], keptDices=[] ], pickominos=[21, 22, 23, 24, 25, 26, 27, 28, 29, 30, 31, 32, 33, 34, 35, 36], stackTops=[0, 0]
[* 200 OK *]
[worm, d5, d2, d1, d2, d2, d2, d2] / [worm, d5, d2, d1, d2, d2, d2, d2]
** 200 OK **  true
[* 200 OK *]
[d4, d2, d1, d2, d2, d2, d2] / [d4, d2, d1, d2, d2, d2, d2]
** 200 OK **  true
[* 200 OK *]
[d2, d2, d2, d2, d2, d2] / [d2, d2, d2, d2, d2, d2]
** 200 OK **  true
** 200 OK **  50834 : currentState=[ status=TAKE_PICKOMINO, player=0, rolls=[], keptDices=[worm, d4, d2, d2, d2, d2, d2, d2] ], pickominos=[21, 22, 23, 24, 25, 26, 27, 28, 29, 30, 31, 32, 33, 34, 35, 36], stackTops=[0, 0]
** 200 OK **  true
** 200 OK **  50834 : currentState=[ status=ROLL_DICE, player=1, rolls=[], keptDices=[] ], pickominos=[22, 23, 24, 25, 26, 27, 28, 29, 30, 31, 32, 33, 34, 35, 36], stackTops=[21, 0]
** 200 OK **  ** 201 Created **  50835,265
[* 200 OK *]
[d1, d2, d3, d4, d5, worm, worm, worm] / [d1, d2, d3, d4, d5, worm, worm, worm]
** 200 OK **  true
[* 200 OK *]
[d1, d2, d3, d4, d5] / [d1, d2, d3, d4, d5]
** 200 OK **  true
[* 200 OK *]
[d1, d2, d3, d4] / [d1, d2, d3, d4]
** 200 OK **  true
[* 200 OK *]
[d1, d2, d3] / [d1, d2, d3]
** 200 OK **  true
[* 200 OK *]
[d1, d2] / [d1, d2]
** 200 OK **  true
[* 200 OK *]
[d1] / [d1]
** 200 OK **  true
** 405 Method Not Allowed **  ** 200 OK **  ** 201 Created **  50836,112
[* 200 OK *]
[d1, d1, d1, d1, d3, d4, d5, worm] / [d1, d1, d1, d1, d3, d4, d5, worm]
** 204 No Content **  ** 200 OK **  ** 201 Created **  50837,255
[* 200 OK *]
[worm, worm, worm, worm, worm, d4, d2, d2] / [worm, worm, worm, worm, worm, d4, d2, d2]
** 200 OK **  true
[* 200 OK *]
[d4, d2, d2] / [d4, d2, d2]
** 200 OK **  true
** 200 OK **  true
** 200 OK **  50837 : currentState=[ status=ROLL_DICE, player=1, rolls=[], keptDices=[] ], pickominos=[21, 22, 23, 24, 25, 26, 27, 28, 30, 31, 32, 33, 34, 35, 36], stackTops=[29, 0]
** 200 OK **  ** 201 Created **  50838,148
[* 200 OK *]
[worm, worm, worm, worm, worm, d1, d1, d1] / [worm, worm, worm, worm, worm, d1, d1, d1]
** 200 OK **  true
** 200 OK **  true
** 200 OK **  50838 : currentState=[ status=ROLL_DICE, player=1, rolls=[], keptDices=[] ], pickominos=[21, 22, 23, 24, 26, 27, 28, 29, 30, 31, 32, 33, 34, 35, 36], stackTops=[25, 0]
** 200 OK **  ** 201 Created **  50839,231
[* 200 OK *]
[worm, d5, d2, d1, d2, d2, d2, d2] / [worm, d5, d2, d1, d2, d2, d2, d2]
** 200 OK **  true
[* 200 OK *]
[d4, d1, d2, d2, d2, d2, d2] / [d4, d1, d2, d2, d2, d2, d2]
** 200 OK **  true
[* 200 OK *]
[d2, d2, d2, d2, d2, d2] / [d2, d2, d2, d2, d2, d2]
** 200 OK **  true
** 200 OK **  true
** 200 OK **  50839 : currentState=[ status=ROLL_DICE, player=1, rolls=[], keptDices=[] ], pickominos=[22, 23, 24, 25, 26, 27, 28, 29, 30, 31, 32, 33, 34, 35, 36], stackTops=[21, 0]
** 200 OK **  ** 201 Created **  50840,149
[* 200 OK *]
[d1, worm, d1, d1, d1, d1, d1, d1] / [d1, worm, d1, d1, d1, d1, d1, d1]
** 200 OK **  true
[* 200 OK *]
[worm] / [worm]
** 200 OK **  true
** 200 OK **  50840 : currentState=[ status=ROLL_DICE, player=1, rolls=[], keptDices=[] ], pickominos=[21, 22, 23, 24, 25, 26, 27, 28, 29, 30, 31, 32, 33, 34, 35], stackTops=[0, 0]
** 200 OK **  ** 201 Created **  50841,126
** 200 OK **  [d4, d3, d2, d4, d3, d1, d2, d3]
** 200 OK **  ** 201 Created **  50842,178
[* 200 OK *]
[d1, worm, d2, d3, d4, d5, d4] / [d1, worm, d2, d3, d4, d5, d4]
** 200 OK **  true
** 200 OK **  50842 : currentState=[ status=ROLL_DICE, player=0, rolls=[], keptDices=[d5] ], pickominos=[21, 22, 23, 24, 25, 26, 27, 28, 29, 30, 31, 32, 33, 34, 35, 36], stackTops=[0, 0]
** 200 OK **  ** 201 Created **  50843,193
** 200 OK **  50843 : currentState=[ status=ROLL_DICE, player=0, rolls=[], keptDices=[] ], pickominos=[21, 22, 23, 24, 25, 26, 27, 28, 29, 30, 31, 32, 33, 34, 35, 36], stackTops=[0, 0]
[* 200 OK *]
[worm, worm, worm, worm, worm, d4, d4] / [worm, worm, worm, worm, worm, d4, d4]
** 200 OK **  true
** 200 OK **  true
** 200 OK **  50843 : currentState=[ status=ROLL_DICE, player=1, rolls=[], keptDices=[] ], pickominos=[21, 22, 23, 24, 26, 27, 28, 29, 30, 31, 32, 33, 34, 35, 36], stackTops=[25, 0]
** 200 OK **  ** 201 Created **  50844,253
** 200 OK **  50844 : currentState=[ status=ROLL_DICE, player=0, rolls=[], keptDices=[] ], pickominos=[21, 22, 23, 24, 25, 26, 27, 28, 29, 30, 31, 32, 33, 34, 35, 36], stackTops=[0, 0]
[* 200 OK *]
[d4, worm, d2, d2, d2, d4, d4] / [d4, worm, d2, d2, d2, d4, d4]
** 200 OK **  true
[* 200 OK *]
[d4, worm, d4, d4] / [d4, worm, d4, d4]
** 200 OK **  true
[* 200 OK *]
[worm] / [worm]
** 200 OK **  true
** 200 OK **  true
** 200 OK **  50844 : currentState=[ status=ROLL_DICE, player=1, rolls=[], keptDices=[] ], pickominos=[21, 22, 24, 25, 26, 27, 28, 29, 30, 31, 32, 33, 34, 35, 36], stackTops=[23, 0]
** 200 OK **  ** 201 Created **  50845,286
[* 200 OK *]
[worm, worm, worm, worm, worm, d4, d4, d4] / [worm, worm, worm, worm, worm, d4, d4, d4]
** 200 OK **  true
** 405 Method Not Allowed **  ** 200 OK **  ** 201 Created **  50846,202
[* 200 OK *]
[d1, worm, d1, d1, d1, d1, d1, d1] / [d1, worm, d1, d1, d1, d1, d1, d1]
** 200 OK **  true
[* 200 OK *]
[worm] / [worm]
** 200 OK **  true
** 200 OK **  50846 : currentState=[ status=ROLL_DICE, player=1, rolls=[], keptDices=[] ], pickominos=[21, 22, 23, 24, 25, 26, 27, 28, 29, 30, 31, 32, 33, 34, 35], stackTops=[0, 0]
** 200 OK **  ** 201 Created **  50847,147
** 200 OK **  50847 : currentState=[ status=ROLL_DICE, player=0, rolls=[], keptDices=[] ], pickominos=[21, 22, 23, 24, 25, 26, 27, 28, 29, 30, 31, 32, 33, 34, 35, 36], stackTops=[0, 0]
[0, 0][* 200 OK *]
[worm, d5, d3, d3, d2, d1, d1, d1] / [worm, d5, d3, d3, d2, d1, d1, d1]
** 200 OK **  true
[* 200 OK *]
[d5, d3, d3, d2, d1, d1, d1] / [d5, d3, d3, d2, d1, d1, d1]
** 200 OK **  true
[* 200 OK *]
[d3, d3, d2, d1, d1, d1] / [d3, d3, d2, d1, d1, d1]
** 200 OK **  true
[* 200 OK *]
[d2, d1, d1, d1] / [d2, d1, d1, d1]
** 200 OK **  true
[* 200 OK *]
[d1, d1, d1] / [d1, d1, d1]
** 200 OK **  true
** 200 OK **  true
** 200 OK **  50847 : currentState=[ status=ROLL_DICE, player=1, rolls=[], keptDices=[] ], pickominos=[22, 23, 24, 25, 26, 27, 28, 29, 30, 31, 32, 33, 34, 35, 36], stackTops=[21, 0]
[21, 0]** 200 OK **  ** 201 Created **  50848,234
** 200 OK **  50848 : currentState=[ status=ROLL_DICE, player=0, rolls=[], keptDices=[] ], pickominos=[21, 22, 23, 24, 25, 26, 27, 28, 29, 30, 31, 32, 33, 34, 35, 36], stackTops=[0, 0]
[0, 0][* 200 OK *]
[worm, worm, worm, worm, worm, worm, worm, worm] / [worm, worm, worm, worm, worm, worm, worm, worm]
** 200 OK **  true
** 200 OK **  true
** 200 OK **  50848 : currentState=[ status=ROLL_DICE, player=1, rolls=[], keptDices=[] ], pickominos=[21, 22, 23, 24, 25, 26, 27, 28, 29, 30, 31, 32, 33, 34, 35], stackTops=[36, 0]
[36, 0]** 200 OK **  ** 201 Created **  50849,244
** 200 OK **  50849 : currentState=[ status=ROLL_DICE, player=0, rolls=[], keptDices=[] ], pickominos=[21, 22, 23, 24, 25, 26, 27, 28, 29, 30, 31, 32, 33, 34, 35, 36], stackTops=[0, 0]
[0, 0][* 200 OK *]
[worm, d5, d5, d5, d5, d1, d1, d1] / [worm, d5, d5, d5, d5, d1, d1, d1]
** 200 OK **  true
[* 200 OK *]
[d5, d5, d5, d5, d1, d1, d1] / [d5, d5, d5, d5, d1, d1, d1]
** 200 OK **  true
** 200 OK **  true
** 200 OK **  50849 : currentState=[ status=ROLL_DICE, player=1, rolls=[], keptDices=[] ], pickominos=[21, 22, 23, 24, 26, 27, 28, 29, 30, 31, 32, 33, 34, 35, 36], stackTops=[25, 0]
[25, 0]** 200 OK **  ** 201 Created **  50850,274
** 200 OK **  50850 : currentState=[ status=ROLL_DICE, player=0, rolls=[], keptDices=[] ], pickominos=[21, 22, 23, 24, 25, 26, 27, 28, 29, 30, 31, 32, 33, 34, 35, 36], stackTops=[0, 0]
[0, 0][* 200 OK *]
[d1, d2, d3, d4, d5, worm, worm, worm] / [d1, d2, d3, d4, d5, worm, worm, worm]
** 200 OK **  true
[* 200 OK *]
[d2, d3, d4, d5, worm, worm, worm] / [d2, d3, d4, d5, worm, worm, worm]
** 200 OK **  true
[* 200 OK *]
[d3, d4, d5, worm, worm, worm] / [d3, d4, d5, worm, worm, worm]
** 200 OK **  true
[* 200 OK *]
[d4, d5, worm, worm, worm] / [d4, d5, worm, worm, worm]
** 200 OK **  true
[* 200 OK *]
[d5, worm, worm, worm] / [d5, worm, worm, worm]
** 200 OK **  true
[* 200 OK *]
[worm, worm, worm] / [worm, worm, worm]
** 200 OK **  true
** 200 OK **  true
** 200 OK **  50850 : currentState=[ status=ROLL_DICE, player=1, rolls=[], keptDices=[] ], pickominos=[21, 22, 23, 24, 25, 26, 27, 28, 29, 31, 32, 33, 34, 35, 36], stackTops=[30, 0]
[30, 0]** 200 OK **  ** 201 Created **  50851,258
** 200 OK **  50851 : currentState=[ status=ROLL_DICE, player=0, rolls=[], keptDices=[] ], pickominos=[21, 22, 23, 24, 25, 26, 27, 28, 29, 30, 31, 32, 33, 34, 35, 36], stackTops=[0, 0]
[0, 0][* 200 OK *]
[d1, d1, d2, d3, d4, d5, worm, worm] / [d1, d1, d2, d3, d4, d5, worm, worm]
** 200 OK **  true
[* 200 OK *]
[d2, d3, d4, d5, worm, worm] / [d2, d3, d4, d5, worm, worm]
** 200 OK **  true
[* 200 OK *]
[d3, d4, d5, worm, worm] / [d3, d4, d5, worm, worm]
** 200 OK **  true
[* 200 OK *]
[d4, d5, worm, worm] / [d4, d5, worm, worm]
** 200 OK **  true
[* 200 OK *]
[d5, worm, worm] / [d5, worm, worm]
** 200 OK **  true
[* 200 OK *]
[worm, worm] / [worm, worm]
** 200 OK **  true
** 200 OK **  true
** 200 OK **  50851 : currentState=[ status=ROLL_DICE, player=1, rolls=[], keptDices=[] ], pickominos=[21, 22, 23, 24, 25, 27, 28, 29, 30, 31, 32, 33, 34, 35, 36], stackTops=[26, 0]
[26, 0]** 200 OK **  ** 201 Created **  50852,183
** 200 OK **  50852 : currentState=[ status=ROLL_DICE, player=0, rolls=[], keptDices=[] ], pickominos=[21, 22, 23, 24, 25, 26, 27, 28, 29, 30, 31, 32, 33, 34, 35, 36], stackTops=[0, 0]
[0, 0][* 200 OK *]
[d1, d2, d3, d4, d5, d1, d1, worm] / [d1, d2, d3, d4, d5, d1, d1, worm]
** 200 OK **  true
[* 200 OK *]
[d2, d3, d4, d5, worm] / [d2, d3, d4, d5, worm]
** 200 OK **  true
[* 200 OK *]
[d3, d4, d5, worm] / [d3, d4, d5, worm]
** 200 OK **  true
[* 200 OK *]
[d4, d5, worm] / [d4, d5, worm]
** 200 OK **  true
[* 200 OK *]
[d5, worm] / [d5, worm]
** 200 OK **  true
[* 200 OK *]
[worm] / [worm]
** 200 OK **  true
** 200 OK **  true
** 200 OK **  50852 : currentState=[ status=ROLL_DICE, player=1, rolls=[], keptDices=[] ], pickominos=[21, 23, 24, 25, 26, 27, 28, 29, 30, 31, 32, 33, 34, 35, 36], stackTops=[22, 0]
[22, 0]** 200 OK **  ** 201 Created **  50853,235
** 200 OK **  50853 : currentState=[ status=ROLL_DICE, player=0, rolls=[], keptDices=[] ], pickominos=[21, 22, 23, 24, 25, 26, 27, 28, 29, 30, 31, 32, 33, 34, 35, 36], stackTops=[0, 0]
[0, 0][* 200 OK *]
[d2, d2, d3, d3, d3, d5, worm, worm] / [d2, d2, d3, d3, d3, d5, worm, worm]
** 200 OK **  true
[* 200 OK *]
[d3, d3, d3, d5, worm, worm] / [d3, d3, d3, d5, worm, worm]
** 200 OK **  true
[* 200 OK *]
[d5, worm, worm] / [d5, worm, worm]
** 200 OK **  true
[* 200 OK *]
[worm, worm] / [worm, worm]
** 200 OK **  true
** 200 OK **  true
** 200 OK **  50853 : currentState=[ status=ROLL_DICE, player=1, rolls=[], keptDices=[] ], pickominos=[21, 22, 23, 24, 25, 26, 27, 29, 30, 31, 32, 33, 34, 35, 36], stackTops=[28, 0]
[28, 0]** 200 OK **  ** 201 Created **  50854,193
** 200 OK **  50854 : currentState=[ status=ROLL_DICE, player=0, rolls=[], keptDices=[] ], pickominos=[21, 22, 23, 24, 25, 26, 27, 28, 29, 30, 31, 32, 33, 34, 35, 36], stackTops=[0, 0]
[0, 0][* 200 OK *]
[d4, d4, d4, d4, d4, d1, d1, worm] / [d4, d4, d4, d4, d4, d1, d1, worm]
** 200 OK **  true
[* 200 OK *]
[d1, d1, worm] / [d1, d1, worm]
** 200 OK **  true
[* 200 OK *]
[worm] / [worm]
** 200 OK **  true
** 200 OK **  true
** 200 OK **  50854 : currentState=[ status=ROLL_DICE, player=1, rolls=[], keptDices=[] ], pickominos=[21, 22, 23, 24, 25, 26, 28, 29, 30, 31, 32, 33, 34, 35, 36], stackTops=[27, 0]
[27, 0]** 200 OK **  ** 201 Created **  50855,195
** 200 OK **  50855 : currentState=[ status=ROLL_DICE, player=0, rolls=[], keptDices=[] ], pickominos=[21, 22, 23, 24, 25, 26, 27, 28, 29, 30, 31, 32, 33, 34, 35, 36], stackTops=[0, 0]
[0, 0][* 200 OK *]
[d2, d2, d3, d4, d5, worm, d5, d5] / [d2, d2, d3, d4, d5, worm, d5, d5]
** 200 OK **  true
[* 200 OK *]
[d3, d4, d5, worm, d5, d5] / [d3, d4, d5, worm, d5, d5]
** 200 OK **  true
[* 200 OK *]
[d4, d5, worm, d5, d5] / [d4, d5, worm, d5, d5]
** 200 OK **  true
[* 200 OK *]
[d5, worm, d5, d5] / [d5, worm, d5, d5]
** 200 OK **  true
[* 200 OK *]
[worm] / [worm]
** 200 OK **  true
** 200 OK **  true
** 200 OK **  50855 : currentState=[ status=ROLL_DICE, player=1, rolls=[], keptDices=[] ], pickominos=[21, 22, 23, 24, 25, 26, 27, 28, 29, 30, 32, 33, 34, 35, 36], stackTops=[31, 0]
[31, 0]** 200 OK **  ** 201 Created **  50856,273
** 200 OK **  50856 : currentState=[ status=ROLL_DICE, player=0, rolls=[], keptDices=[] ], pickominos=[21, 22, 23, 24, 25, 26, 27, 28, 29, 30, 31, 32, 33, 34, 35, 36], stackTops=[0, 0]
[0, 0][* 200 OK *]
[d2, d2, d3, d4, d5, worm, d5, d5] / [d2, d2, d3, d4, d5, worm, d5, d5]
** 200 OK **  true
[* 200 OK *]
[d3, d4, d5, worm, d5, d5] / [d3, d4, d5, worm, d5, d5]
** 200 OK **  true
[* 200 OK *]
[d4, d5, worm, d5, d5] / [d4, d5, worm, d5, d5]
** 200 OK **  true
[* 200 OK *]
[d5, worm, d5, d5] / [d5, worm, d5, d5]
** 200 OK **  true
[* 200 OK *]
[worm] / [worm]
** 200 OK **  true
** 200 OK **  true
** 200 OK **  50856 : currentState=[ status=ROLL_DICE, player=1, rolls=[], keptDices=[] ], pickominos=[21, 22, 23, 24, 25, 26, 27, 28, 29, 30, 32, 33, 34, 35, 36], stackTops=[31, 0]
[31, 0]** 200 OK **  ** 201 Created **  50857,299
** 405 Method Not Allowed **  ** 200 OK **  ** 201 Created **  50858,233
[* 200 OK *]
[worm, worm, worm, worm, worm, worm, worm, worm] / [worm, worm, worm, worm, worm, worm, worm, worm]
** 200 OK **  true
** 200 OK **  true
** 200 OK **  50858 : currentState=[ status=ROLL_DICE, player=1, rolls=[], keptDices=[] ], pickominos=[21, 22, 23, 24, 25, 26, 27, 28, 29, 30, 31, 32, 33, 34, 35], stackTops=[36, 0]
** 200 OK **  ** 201 Created **  50859,256
** 200 OK **  50859 : currentState=[ status=ROLL_DICE, player=0, rolls=[], keptDices=[] ], pickominos=[21, 22, 23, 24, 25, 26, 27, 28, 29, 30, 31, 32, 33, 34, 35, 36], stackTops=[0, 0]
** 201 Created **  50860,154
** 200 OK **  50859 : currentState=[ status=ROLL_DICE, player=0, rolls=[], keptDices=[] ], pickominos=[21, 22, 23, 24, 25, 26, 27, 28, 29, 30, 31, 32, 33, 34, 35, 36], stackTops=[0, 0]
** 200 OK **  ** 201 Created **  50861,159
[* 200 OK *]
[d1, d1, d1, d1, d1, d1, d1, d1] / [d1, d1, d1, d1, d1, d1, d1, d1]
** 200 OK **  true
[* 200 OK *]
[d1, d1, d1, d1, d1, d1, d1, d1] / [d1, d1, d1, d1, d1, d1, d1, d1]
** 200 OK **  true
[* 200 OK *]
[d1, d1, d1, d1, d1, d1, d1, d1] / [d1, d1, d1, d1, d1, d1, d1, d1]
** 200 OK **  true
[* 200 OK *]
[d1, d1, d1, d1, d1, d1, d1, d1] / [d1, d1, d1, d1, d1, d1, d1, d1]
** 200 OK **  true
[* 200 OK *]
[d1, d1, d1, d1, d1, d1, d1, d1] / [d1, d1, d1, d1, d1, d1, d1, d1]
** 200 OK **  true
[* 200 OK *]
[d1, d1, d1, d1, d1, d1, d1, d1] / [d1, d1, d1, d1, d1, d1, d1, d1]
** 200 OK **  true
[* 200 OK *]
[d1, d1, d1, d1, d1, d1, d1, d1] / [d1, d1, d1, d1, d1, d1, d1, d1]
** 200 OK **  true
[* 200 OK *]
[d1, d1, d1, d1, d1, d1, d1, d1] / [d1, d1, d1, d1, d1, d1, d1, d1]
** 200 OK **  true
[* 200 OK *]
[d1, d1, d1, d1, d1, d1, d1, d1] / [d1, d1, d1, d1, d1, d1, d1, d1]
** 200 OK **  true
[* 200 OK *]
[d1, d1, d1, d1, d1, d1, d1, d1] / [d1, d1, d1, d1, d1, d1, d1, d1]
** 200 OK **  true
[* 200 OK *]
[d1, d1, d1, d1, d1, d1, d1, d1] / [d1, d1, d1, d1, d1, d1, d1, d1]
** 200 OK **  true
[* 200 OK *]
[d1, d1, d1, d1, d1, d1, d1, d1] / [d1, d1, d1, d1, d1, d1, d1, d1]
** 200 OK **  true
[* 200 OK *]
[d1, d1, d1, d1, d1, d1, d1, d1] / [d1, d1, d1, d1, d1, d1, d1, d1]
** 200 OK **  true
[* 200 OK *]
[d1, d1, d1, d1, d1, d1, d1, d1] / [d1, d1, d1, d1, d1, d1, d1, d1]
** 200 OK **  true
[* 200 OK *]
[d1, d1, d1, d1, d1, d1, d1, d1] / [d1, d1, d1, d1, d1, d1, d1, d1]
** 200 OK **  true
[* 200 OK *]
[d1, d1, d1, d1, d1, d1, d1, d1] / [d1, d1, d1, d1, d1, d1, d1, d1]
** 200 OK **  true
[* 405 Method Not Allowed *]
** 200 OK **  ** 201 Created **  50862,225
** 404 Not Found **  ** 200 OK **  ** 201 Created **  50863,127
** 200 OK **  50863 : currentState=[ status=ROLL_DICE, player=0, rolls=[], keptDices=[] ], pickominos=[21, 22, 23, 24, 25, 26, 27, 28, 29, 30, 31, 32, 33, 34, 35, 36], stackTops=[0, 0]
[* 200 OK *]
[worm, d5, d2, d1, d2, d2, d2, d2] / [worm, d5, d2, d1, d2, d2, d2, d2]
** 200 OK **  true
[* 200 OK *]
[d4, d2, d1, d2, d2, d2, d2] / [d4, d2, d1, d2, d2, d2, d2]
** 200 OK **  true
[* 200 OK *]
[d2, d2, d2, d2, d2, d2] / [d2, d2, d2, d2, d2, d2]
** 200 OK **  true
** 200 OK **  50863 : currentState=[ status=TAKE_PICKOMINO, player=0, rolls=[], keptDices=[worm, d4, d2, d2, d2, d2, d2, d2] ], pickominos=[21, 22, 23, 24, 25, 26, 27, 28, 29, 30, 31, 32, 33, 34, 35, 36], stackTops=[0, 0]
** 200 OK **  50863 : currentState=[ status=TAKE_PICKOMINO, player=0, rolls=[], keptDices=[worm, d4, d2, d2, d2, d2, d2, d2] ], pickominos=[21, 22, 23, 24, 25, 26, 27, 28, 29, 30, 31, 32, 33, 34, 35, 36], stackTops=[0, 0]
** 200 OK **  true
** 200 OK **  ** 201 Created **  50864,168
[* 200 OK *]
[d1, worm, d2, d3, d4, d5, d4] / [d1, worm, d2, d3, d4, d5, d4]
** 200 OK **  true
** 200 OK **  50864 : currentState=[ status=ROLL_DICE, player=0, rolls=[], keptDices=[d2] ], pickominos=[21, 22, 23, 24, 25, 26, 27, 28, 29, 30, 31, 32, 33, 34, 35, 36], stackTops=[0, 0]
** 200 OK **  ** 201 Created **  50865,100
[* 200 OK *]
[worm, worm, worm, worm, worm, d4, d4, d4] / [worm, worm, worm, worm, worm, d4, d4, d4]
** 200 OK **  true
** 200 OK **  true
** 405 Method Not Allowed **  ** 200 OK **  ** 201 Created **  50866,129
[* 200 OK *]
[d5, d5, d5, d5, d5, d4, d3, d1] / [d5, d5, d5, d5, d5, d4, d3, d1]
** 200 OK **  true
** 405 Method Not Allowed **  ** 200 OK **  ** 201 Created **  50867,167
[* 200 OK *]
[worm, worm, worm, worm, worm, d4, d4] / [worm, worm, worm, worm, worm, d4, d4]
** 200 OK **  true
** 200 OK **  true
** 200 OK **  50867 : currentState=[ status=ROLL_DICE, player=1, rolls=[], keptDices=[] ], pickominos=[21, 22, 23, 24, 26, 27, 28, 29, 30, 31, 32, 33, 34, 35, 36], stackTops=[25, 0]
** 200 OK **  ** 201 Created **  50868,182
[* 200 OK *]
[d1, d1, d1, d1, d3, d4, d5, worm] / [d1, d1, d1, d1, d3, d4, d5, worm]
** 200 OK **  true
[* 200 OK *]
[d2, d3, d4, worm] / [d2, d3, d4, worm]
** 409 Conflict **  ** 200 OK **  ** 201 Created **  50869,249
[* 200 OK *]
[worm, worm, worm, worm, worm, worm, worm, worm] / [worm, worm, worm, worm, worm, worm, worm, worm]
** 200 OK **  true
** 200 OK **  true
[* 200 OK *]
[d2, d2, d2, d2, d2, d2, d2, d2] / [d2, d2, d2, d2, d2, d2, d2, d2]
** 200 OK **  true
[* 200 OK *]
[worm, worm, worm, worm, worm, d1, d1, d1] / [worm, worm, worm, worm, worm, d1, d1, d1]
** 200 OK **  true
** 200 OK **  true
** 200 OK **  50869 : currentState=[ status=ROLL_DICE, player=1, rolls=[], keptDices=[] ], pickominos=[21, 22, 23, 24, 26, 27, 28, 29, 30, 31, 32, 33, 34], stackTops=[25, 0]
** 200 OK **  ** 201 Created **  50870,228
** 200 OK **  50870 : currentState=[ status=ROLL_DICE, player=0, rolls=[], keptDices=[] ], pickominos=[21, 22, 23, 24, 25, 26, 27, 28, 29, 30, 31, 32, 33, 34, 35, 36], stackTops=[0, 0]
** 200 OK **  ** 201 Created **  50871,262
** 200 OK **  [d1, d2, worm, d4, d1, d2, d4, d4]
** 200 OK **  ** 201 Created **  50872,224
** 200 OK **  50872 : currentState=[ status=ROLL_DICE, player=0, rolls=[], keptDices=[] ], pickominos=[21, 22, 23, 24, 25, 26, 27, 28, 29, 30, 31, 32, 33, 34, 35, 36], stackTops=[0, 0]
[* 200 OK *]
[worm, worm, worm, worm, worm, d4, d4] / [worm, worm, worm, worm, worm, d4, d4]
** 200 OK **  true
** 200 OK **  true
** 200 OK **  50872 : currentState=[ status=ROLL_DICE, player=1, rolls=[], keptDices=[] ], pickominos=[21, 22, 23, 24, 26, 27, 28, 29, 30, 31, 32, 33, 34, 35, 36], stackTops=[25, 0]
** 200 OK **  ** 201 Created **  50873,219
** 200 OK **  50873 : currentState=[ status=ROLL_DICE, player=0, rolls=[], keptDices=[] ], pickominos=[21, 22, 23, 24, 25, 26, 27, 28, 29, 30, 31, 32, 33, 34, 35, 36], stackTops=[0, 0]
[* 200 OK *]
[worm, worm, worm, worm, worm, d4, d4] / [worm, worm, worm, worm, worm, d4, d4]
** 200 OK **  true
[* 200 OK *]
[d1, d2, d3, d4, d5] / [d1, d2, d3]
** 200 OK **  true
** 200 OK **  true
** 200 OK **  50873 : currentState=[ status=ROLL_DICE, player=1, rolls=[], keptDices=[] ], pickominos=[21, 22, 23, 24, 25, 27, 28, 29, 30, 31, 32, 33, 34, 35, 36], stackTops=[26, 0]
** 200 OK **  ** 201 Created **  50874,176
** 200 OK **  50874 : currentState=[ status=ROLL_DICE, player=0, rolls=[], keptDices=[] ], pickominos=[21, 22, 23, 24, 25, 26, 27, 28, 29, 30, 31, 32, 33, 34, 35, 36], stackTops=[0, 0]
[* 200 OK *]
[worm, worm, worm, worm, worm, worm, worm, d1] / [worm, worm, worm, worm, worm, worm, worm, d1]
** 200 OK **  true
** 200 OK **  true
** 200 OK **  50874 : currentState=[ status=ROLL_DICE, player=1, rolls=[], keptDices=[] ], pickominos=[21, 22, 23, 24, 25, 26, 27, 28, 29, 30, 31, 32, 33, 34, 36], stackTops=[35, 0]
]]></system-out>
  <system-err><![CDATA[]]></system-err>
</testsuite>
